E, [2018-05-06T11:23:34.649989 #53263] ERROR -- Kitchen: ------Exception-------
E, [2018-05-06T11:23:34.650184 #53263] ERROR -- Kitchen: Class: Kitchen::UserError
E, [2018-05-06T11:23:34.650336 #53263] ERROR -- Kitchen: Message: Kitchen YAML file /Users/harshavardhanj/GitRepos/chef_scripts/.kitchen.yml does not exist.
E, [2018-05-06T11:23:34.650378 #53263] ERROR -- Kitchen: ----------------------
E, [2018-05-06T11:23:34.650412 #53263] ERROR -- Kitchen: ------Backtrace-------
E, [2018-05-06T11:23:34.650445 #53263] ERROR -- Kitchen: /opt/chefdk/embedded/lib/ruby/gems/2.4.0/gems/test-kitchen-1.20.0/lib/kitchen/loader/yaml.rb:65:in `read'
E, [2018-05-06T11:23:34.650488 #53263] ERROR -- Kitchen: /opt/chefdk/embedded/lib/ruby/gems/2.4.0/gems/test-kitchen-1.20.0/lib/kitchen/config.rb:152:in `data'
E, [2018-05-06T11:23:34.650520 #53263] ERROR -- Kitchen: /opt/chefdk/embedded/lib/ruby/gems/2.4.0/gems/test-kitchen-1.20.0/lib/kitchen/config.rb:131:in `suites'
E, [2018-05-06T11:23:34.650551 #53263] ERROR -- Kitchen: /opt/chefdk/embedded/lib/ruby/gems/2.4.0/gems/test-kitchen-1.20.0/lib/kitchen/config.rb:182:in `filter_instances'
E, [2018-05-06T11:23:34.650582 #53263] ERROR -- Kitchen: /opt/chefdk/embedded/lib/ruby/gems/2.4.0/gems/test-kitchen-1.20.0/lib/kitchen/config.rb:141:in `build_instances'
E, [2018-05-06T11:23:34.650613 #53263] ERROR -- Kitchen: /opt/chefdk/embedded/lib/ruby/gems/2.4.0/gems/test-kitchen-1.20.0/lib/kitchen/config.rb:117:in `instances'
E, [2018-05-06T11:23:34.650644 #53263] ERROR -- Kitchen: /opt/chefdk/embedded/lib/ruby/gems/2.4.0/gems/test-kitchen-1.20.0/lib/kitchen/command.rb:112:in `filtered_instances'
E, [2018-05-06T11:23:34.650684 #53263] ERROR -- Kitchen: /opt/chefdk/embedded/lib/ruby/gems/2.4.0/gems/test-kitchen-1.20.0/lib/kitchen/command.rb:142:in `parse_subcommand'
E, [2018-05-06T11:23:34.650716 #53263] ERROR -- Kitchen: /opt/chefdk/embedded/lib/ruby/gems/2.4.0/gems/test-kitchen-1.20.0/lib/kitchen/command/list.rb:30:in `call'
E, [2018-05-06T11:23:34.650747 #53263] ERROR -- Kitchen: /opt/chefdk/embedded/lib/ruby/gems/2.4.0/gems/test-kitchen-1.20.0/lib/kitchen/cli.rb:52:in `perform'
E, [2018-05-06T11:23:34.650778 #53263] ERROR -- Kitchen: /opt/chefdk/embedded/lib/ruby/gems/2.4.0/gems/test-kitchen-1.20.0/lib/kitchen/cli.rb:120:in `list'
E, [2018-05-06T11:23:34.650809 #53263] ERROR -- Kitchen: /opt/chefdk/embedded/lib/ruby/gems/2.4.0/gems/thor-0.19.1/lib/thor/command.rb:27:in `run'
E, [2018-05-06T11:23:34.650840 #53263] ERROR -- Kitchen: /opt/chefdk/embedded/lib/ruby/gems/2.4.0/gems/thor-0.19.1/lib/thor/invocation.rb:126:in `invoke_command'
E, [2018-05-06T11:23:34.650884 #53263] ERROR -- Kitchen: /opt/chefdk/embedded/lib/ruby/gems/2.4.0/gems/thor-0.19.1/lib/thor.rb:359:in `dispatch'
E, [2018-05-06T11:23:34.650916 #53263] ERROR -- Kitchen: /opt/chefdk/embedded/lib/ruby/gems/2.4.0/gems/thor-0.19.1/lib/thor/base.rb:440:in `start'
E, [2018-05-06T11:23:34.650947 #53263] ERROR -- Kitchen: /opt/chefdk/embedded/lib/ruby/gems/2.4.0/gems/test-kitchen-1.20.0/bin/kitchen:13:in `block in <top (required)>'
E, [2018-05-06T11:23:34.650982 #53263] ERROR -- Kitchen: /opt/chefdk/embedded/lib/ruby/gems/2.4.0/gems/test-kitchen-1.20.0/lib/kitchen/errors.rb:171:in `with_friendly_errors'
E, [2018-05-06T11:23:34.651015 #53263] ERROR -- Kitchen: /opt/chefdk/embedded/lib/ruby/gems/2.4.0/gems/test-kitchen-1.20.0/bin/kitchen:13:in `<top (required)>'
E, [2018-05-06T11:23:34.651046 #53263] ERROR -- Kitchen: /opt/chefdk/bin/kitchen:250:in `load'
E, [2018-05-06T11:23:34.651076 #53263] ERROR -- Kitchen: /opt/chefdk/bin/kitchen:250:in `<main>'
E, [2018-05-06T11:23:34.651106 #53263] ERROR -- Kitchen: ----End Backtrace-----
